INFO [2021-09-14 16:06:15] [[1]]
INFO [2021-09-14 16:06:15] l
INFO [2021-09-14 16:06:15] 
INFO [2021-09-14 16:06:15] $filename
INFO [2021-09-14 16:06:15] NULL
INFO [2021-09-14 16:06:15] 
INFO [2021-09-14 16:06:15] $fill
INFO [2021-09-14 16:06:15] myPalette[1:length(l)]
INFO [2021-09-14 16:06:15] 
INFO [2021-09-14 16:06:15] [[1]]
INFO [2021-09-14 16:06:15] l
INFO [2021-09-14 16:06:15] 
INFO [2021-09-14 16:06:15] $filename
INFO [2021-09-14 16:06:15] NULL
INFO [2021-09-14 16:06:15] 
INFO [2021-09-14 16:06:15] $fill
INFO [2021-09-14 16:06:15] myPalette[1:length(l)]
INFO [2021-09-14 16:06:15] 
INFO [2021-09-14 16:06:15] [[1]]
INFO [2021-09-14 16:06:15] l
INFO [2021-09-14 16:06:15] 
INFO [2021-09-14 16:06:15] $filename
INFO [2021-09-14 16:06:15] NULL
INFO [2021-09-14 16:06:15] 
INFO [2021-09-14 16:06:15] $fill
INFO [2021-09-14 16:06:15] myPalette[1:length(l)]
INFO [2021-09-14 16:06:15] 
